<?xml version="1.0" encoding="UTF-8"?>
<!-- Generated by org.testng.reporters.JUnitReportReporter -->
<testsuite hostname="DESKTOP-2QEEO47" failures="0" tests="1" name="TestNG.TestNGBegining" time="0.016" errors="0" timestamp="2022-06-06T10:57:48 IST" skipped="0">
  <testcase classname="TestNG.TestNGBegining" name="start" time="0.016"/>
  <system-out/>
</testsuite> <!-- TestNG.TestNGBegining -->
