<?xml version="1.0" encoding="UTF-8"?>
<!-- Generated by org.testng.reporters.JUnitReportReporter -->
<testsuite hostname="DESKTOP-2QEEO47" failures="0" tests="4" name="TestNG.Day4" time="0.019" errors="0" timestamp="2022-06-07T12:29:22 IST" skipped="1">
  <testcase classname="TestNG.Day4" name="Day3End" time="0.000"/>
  <system-out/>
  <testcase classname="TestNG.Day4" name="Day33Middle" time="0.010"/>
  <system-out/>
  <testcase classname="TestNG.Day4" name="Day3Start" time="0.009"/>
  <system-out/>
  <testcase classname="TestNG.Day4" name="Day3Middle">
    <skipped/>
  </testcase> <!-- Day3Middle -->
  <system-out/>
</testsuite> <!-- TestNG.Day4 -->
