<?xml version="1.0" encoding="UTF-8"?>
<!-- Generated by org.testng.reporters.JUnitReportReporter -->
<testsuite hostname="DESKTOP-2QEEO47" failures="0" tests="2" name="TestNG.Day2" time="0.023" errors="0" timestamp="2022-06-07T12:29:22 IST" skipped="0">
  <testcase classname="TestNG.Day2" name="Day2Middle" time="0.020"/>
  <system-out/>
  <testcase classname="TestNG.Day2" name="Day2Start" time="0.003"/>
  <system-out/>
</testsuite> <!-- TestNG.Day2 -->
