<?xml version="1.0" encoding="UTF-8"?>
<!-- Generated by org.testng.reporters.JUnitReportReporter -->
<testsuite hostname="DESKTOP-2QEEO47" failures="0" tests="2" name="TestNG.Day1" time="0.033" errors="0" timestamp="2022-06-07T12:29:22 IST" skipped="0">
  <testcase classname="TestNG.Day1" name="Day1Start" time="0.008"/>
  <system-out/>
  <testcase classname="TestNG.Day1" name="Day2Middle" time="0.025"/>
  <system-out/>
</testsuite> <!-- TestNG.Day1 -->
