<?xml version="1.0" encoding="UTF-8"?>
<!-- Generated by org.testng.reporters.JUnitReportReporter -->
<testsuite hostname="DESKTOP-2QEEO47" failures="0" tests="4" name="TestNGRegularexpression.Regularexpression" time="0.041" errors="0" timestamp="2022-06-07T12:29:22 IST" skipped="0">
  <testcase classname="TestNGRegularexpression.Regularexpression" name="Day26Middle" time="0.004"/>
  <system-out/>
  <testcase classname="TestNGRegularexpression.Regularexpression" name="Day2Middle" time="0.002"/>
  <system-out/>
  <testcase classname="TestNGRegularexpression.Regularexpression" name="Day3Middle" time="0.022"/>
  <system-out/>
  <testcase classname="TestNGRegularexpression.Regularexpression" name="Day1Start" time="0.013"/>
  <system-out/>
</testsuite> <!-- TestNGRegularexpression.Regularexpression -->
