<?xml version="1.0" encoding="UTF-8"?>
<!-- Generated by org.testng.reporters.JUnitReportReporter -->
<testsuite hostname="DESKTOP-2QEEO47" failures="0" tests="2" name="TestNG.Day3" time="0.003" errors="0" timestamp="2022-06-07T12:29:22 IST" skipped="0">
  <testcase classname="TestNG.Day3" name="Day3Middle" time="0.001"/>
  <system-out/>
  <testcase classname="TestNG.Day3" name="Day3Start" time="0.002"/>
  <system-out/>
</testsuite> <!-- TestNG.Day3 -->
