<?xml version="1.0" encoding="UTF-8"?>
<!-- Generated by org.testng.reporters.JUnitReportReporter -->
<testsuite hostname="DESKTOP-2QEEO47" failures="0" tests="1" name="TestNGAnnotations.Suite" time="0.008" errors="0" timestamp="2022-06-07T12:29:22 IST" skipped="0">
  <testcase classname="TestNGAnnotations.Suite" name="Test1" time="0.008"/>
  <system-out/>
</testsuite> <!-- TestNGAnnotations.Suite -->
